<?xml version="1.0" encoding="UTF-8"?>
<!-- Generated by org.testng.reporters.JUnitReportReporter -->
<testsuite name="com.TestNGFramework.Test1" tests="1" time="0.015" ignored="0" failures="0" timestamp="27 Apr 2018 10:06:15 GMT" skipped="0" hostname="OSIT-L-0489" errors="0">
  <testcase name="test" time="0.015" classname="com.TestNGFramework.Test1"/>
</testsuite> <!-- com.TestNGFramework.Test1 -->
