<?xml version="1.0" encoding="UTF-8"?>
<!-- Generated by org.testng.reporters.JUnitReportReporter -->
<testsuite name="com.TestNGFramework.Test2" tests="1" time="0.000" ignored="0" failures="0" timestamp="30 Apr 2018 08:37:04 GMT" skipped="0" hostname="OSIT-L-0489" errors="0">
  <testcase name="test" time="0.000" classname="com.TestNGFramework.Test2"/>
</testsuite> <!-- com.TestNGFramework.Test2 -->
